<?xml version="1.0" encoding="UTF-8"?>
<!-- Generated by org.testng.reporters.JUnitReportReporter -->
<testsuite skipped="0" hostname="DESKTOP-TV5T462" name="com.Test.NewTest1" tests="1" failures="0" timestamp="21 May 2020 09:38:32 GMT" time="0.025" errors="0">
  <testcase name="startTest" time="0.025" classname="com.Test.NewTest1"/>
</testsuite> <!-- com.Test.NewTest1 -->
